<?xml version="1.0" encoding="UTF-8"?>
<testsuite xmlns:xsi="http://www.w3.org/2001/XMLSchema-instance" xsi:noNamespaceSchemaLocation="https://maven.apache.org/surefire/maven-surefire-plugin/xsd/surefire-test-report-3.0.xsd" version="3.0" name="TestSuite" time="22.001" tests="1" errors="0" skipped="0" failures="0">
  <properties>
    <property name="sun.desktop" value="windows"/>
    <property name="awt.toolkit" value="sun.awt.windows.WToolkit"/>
    <property name="surefire.suiteXmlFiles" value="src/test/resources/testng.xml"/>
    <property name="java.specification.version" value="1.8"/>
    <property name="file.encoding.pkg" value="sun.io"/>
    <property name="webdriver.chrome.driver" value="C:\Users\katya\.cache\selenium\chromedriver\win32\96.0.4664.45\chromedriver.exe"/>
    <property name="sun.cpu.isalist" value="amd64"/>
    <property name="sun.jnu.encoding" value="Cp1251"/>
    <property name="java.class.path" value="D:\FrameworkTesting\target\test-classes;D:\FrameworkTesting\target\classes;C:\Users\katya\.m2\repository\org\seleniumhq\selenium\selenium-java\4.1.0\selenium-java-4.1.0.jar;C:\Users\katya\.m2\repository\org\seleniumhq\selenium\selenium-api\4.1.0\selenium-api-4.1.0.jar;C:\Users\katya\.m2\repository\org\seleniumhq\selenium\selenium-chrome-driver\4.1.0\selenium-chrome-driver-4.1.0.jar;C:\Users\katya\.m2\repository\com\google\auto\service\auto-service-annotations\1.0.1\auto-service-annotations-1.0.1.jar;C:\Users\katya\.m2\repository\com\google\auto\service\auto-service\1.0.1\auto-service-1.0.1.jar;C:\Users\katya\.m2\repository\com\google\auto\auto-common\1.2\auto-common-1.2.jar;C:\Users\katya\.m2\repository\org\seleniumhq\selenium\selenium-chromium-driver\4.1.0\selenium-chromium-driver-4.1.0.jar;C:\Users\katya\.m2\repository\org\seleniumhq\selenium\selenium-json\4.1.0\selenium-json-4.1.0.jar;C:\Users\katya\.m2\repository\org\seleniumhq\selenium\selenium-devtools-v85\4.1.0\selenium-devtools-v85-4.1.0.jar;C:\Users\katya\.m2\repository\org\seleniumhq\selenium\selenium-devtools-v94\4.1.0\selenium-devtools-v94-4.1.0.jar;C:\Users\katya\.m2\repository\org\seleniumhq\selenium\selenium-devtools-v95\4.1.0\selenium-devtools-v95-4.1.0.jar;C:\Users\katya\.m2\repository\org\seleniumhq\selenium\selenium-devtools-v96\4.1.0\selenium-devtools-v96-4.1.0.jar;C:\Users\katya\.m2\repository\org\seleniumhq\selenium\selenium-edge-driver\4.1.0\selenium-edge-driver-4.1.0.jar;C:\Users\katya\.m2\repository\org\seleniumhq\selenium\selenium-firefox-driver\4.1.0\selenium-firefox-driver-4.1.0.jar;C:\Users\katya\.m2\repository\org\seleniumhq\selenium\selenium-firefox-xpi-driver\4.1.0\selenium-firefox-xpi-driver-4.1.0.jar;C:\Users\katya\.m2\repository\org\seleniumhq\selenium\selenium-ie-driver\4.1.0\selenium-ie-driver-4.1.0.jar;C:\Users\katya\.m2\repository\org\seleniumhq\selenium\selenium-opera-driver\4.1.0\selenium-opera-driver-4.1.0.jar;C:\Users\katya\.m2\repository\org\seleniumhq\selenium\selenium-remote-driver\4.1.0\selenium-remote-driver-4.1.0.jar;C:\Users\katya\.m2\repository\io\netty\netty-buffer\4.1.69.Final\netty-buffer-4.1.69.Final.jar;C:\Users\katya\.m2\repository\io\netty\netty-codec-http\4.1.69.Final\netty-codec-http-4.1.69.Final.jar;C:\Users\katya\.m2\repository\io\netty\netty-codec\4.1.69.Final\netty-codec-4.1.69.Final.jar;C:\Users\katya\.m2\repository\io\netty\netty-handler\4.1.69.Final\netty-handler-4.1.69.Final.jar;C:\Users\katya\.m2\repository\io\netty\netty-common\4.1.69.Final\netty-common-4.1.69.Final.jar;C:\Users\katya\.m2\repository\io\netty\netty-transport-native-epoll\4.1.69.Final\netty-transport-native-epoll-4.1.69.Final.jar;C:\Users\katya\.m2\repository\io\netty\netty-transport-native-kqueue\4.1.69.Final\netty-transport-native-kqueue-4.1.69.Final.jar;C:\Users\katya\.m2\repository\io\netty\netty-transport-native-unix-common\4.1.69.Final\netty-transport-native-unix-common-4.1.69.Final.jar;C:\Users\katya\.m2\repository\io\netty\netty-transport\4.1.69.Final\netty-transport-4.1.69.Final.jar;C:\Users\katya\.m2\repository\io\netty\netty-resolver\4.1.69.Final\netty-resolver-4.1.69.Final.jar;C:\Users\katya\.m2\repository\io\opentelemetry\opentelemetry-api\1.9.0\opentelemetry-api-1.9.0.jar;C:\Users\katya\.m2\repository\io\opentelemetry\opentelemetry-context\1.9.0\opentelemetry-context-1.9.0.jar;C:\Users\katya\.m2\repository\io\opentelemetry\opentelemetry-exporter-logging\1.9.0\opentelemetry-exporter-logging-1.9.0.jar;C:\Users\katya\.m2\repository\io\opentelemetry\opentelemetry-sdk-metrics\1.9.0-alpha\opentelemetry-sdk-metrics-1.9.0-alpha.jar;C:\Users\katya\.m2\repository\io\opentelemetry\opentelemetry-sdk-logs\1.9.0-alpha\opentelemetry-sdk-logs-1.9.0-alpha.jar;C:\Users\katya\.m2\repository\io\opentelemetry\opentelemetry-sdk-common\1.9.0\opentelemetry-sdk-common-1.9.0.jar;C:\Users\katya\.m2\repository\io\opentelemetry\opentelemetry-sdk-extension-autoconfigure-spi\1.9.0\opentelemetry-sdk-extension-autoconfigure-spi-1.9.0.jar;C:\Users\katya\.m2\repository\io\opentelemetry\opentelemetry-sdk-extension-autoconfigure\1.9.0-alpha\opentelemetry-sdk-extension-autoconfigure-1.9.0-alpha.jar;C:\Users\katya\.m2\repository\io\opentelemetry\opentelemetry-sdk-trace\1.9.0\opentelemetry-sdk-trace-1.9.0.jar;C:\Users\katya\.m2\repository\io\opentelemetry\opentelemetry-api-metrics\1.9.0-alpha\opentelemetry-api-metrics-1.9.0-alpha.jar;C:\Users\katya\.m2\repository\io\opentelemetry\opentelemetry-sdk\1.9.0\opentelemetry-sdk-1.9.0.jar;C:\Users\katya\.m2\repository\io\opentelemetry\opentelemetry-semconv\1.9.0-alpha\opentelemetry-semconv-1.9.0-alpha.jar;C:\Users\katya\.m2\repository\io\ous\jtoml\2.0.0\jtoml-2.0.0.jar;C:\Users\katya\.m2\repository\net\bytebuddy\byte-buddy\1.12.1\byte-buddy-1.12.1.jar;C:\Users\katya\.m2\repository\org\apache\commons\commons-exec\1.3\commons-exec-1.3.jar;C:\Users\katya\.m2\repository\org\asynchttpclient\async-http-client\2.12.3\async-http-client-2.12.3.jar;C:\Users\katya\.m2\repository\org\asynchttpclient\async-http-client-netty-utils\2.12.3\async-http-client-netty-utils-2.12.3.jar;C:\Users\katya\.m2\repository\io\netty\netty-codec-socks\4.1.60.Final\netty-codec-socks-4.1.60.Final.jar;C:\Users\katya\.m2\repository\io\netty\netty-handler-proxy\4.1.60.Final\netty-handler-proxy-4.1.60.Final.jar;C:\Users\katya\.m2\repository\io\netty\netty-transport-native-epoll\4.1.60.Final\netty-transport-native-epoll-4.1.60.Final-linux-x86_64.jar;C:\Users\katya\.m2\repository\io\netty\netty-transport-native-kqueue\4.1.60.Final\netty-transport-native-kqueue-4.1.60.Final-osx-x86_64.jar;C:\Users\katya\.m2\repository\org\reactivestreams\reactive-streams\1.0.3\reactive-streams-1.0.3.jar;C:\Users\katya\.m2\repository\com\typesafe\netty\netty-reactive-streams\2.0.4\netty-reactive-streams-2.0.4.jar;C:\Users\katya\.m2\repository\com\sun\activation\jakarta.activation\1.2.2\jakarta.activation-1.2.2.jar;C:\Users\katya\.m2\repository\org\seleniumhq\selenium\selenium-http\4.1.0\selenium-http-4.1.0.jar;C:\Users\katya\.m2\repository\net\jodah\failsafe\2.4.4\failsafe-2.4.4.jar;C:\Users\katya\.m2\repository\org\seleniumhq\selenium\selenium-safari-driver\4.1.0\selenium-safari-driver-4.1.0.jar;C:\Users\katya\.m2\repository\org\seleniumhq\selenium\selenium-support\4.1.0\selenium-support-4.1.0.jar;C:\Users\katya\.m2\repository\io\github\bonigarcia\webdrivermanager\5.0.3\webdrivermanager-5.0.3.jar;C:\Users\katya\.m2\repository\org\slf4j\slf4j-api\1.7.32\slf4j-api-1.7.32.jar;C:\Users\katya\.m2\repository\com\google\code\gson\gson\2.8.8\gson-2.8.8.jar;C:\Users\katya\.m2\repository\org\jsoup\jsoup\1.14.2\jsoup-1.14.2.jar;C:\Users\katya\.m2\repository\com\github\docker-java\docker-java\3.2.12\docker-java-3.2.12.jar;C:\Users\katya\.m2\repository\com\github\docker-java\docker-java-core\3.2.12\docker-java-core-3.2.12.jar;C:\Users\katya\.m2\repository\com\github\docker-java\docker-java-api\3.2.12\docker-java-api-3.2.12.jar;C:\Users\katya\.m2\repository\com\fasterxml\jackson\core\jackson-annotations\2.10.3\jackson-annotations-2.10.3.jar;C:\Users\katya\.m2\repository\org\apache\commons\commons-compress\1.21\commons-compress-1.21.jar;C:\Users\katya\.m2\repository\commons-lang\commons-lang\2.6\commons-lang-2.6.jar;C:\Users\katya\.m2\repository\com\fasterxml\jackson\core\jackson-databind\2.10.3\jackson-databind-2.10.3.jar;C:\Users\katya\.m2\repository\com\fasterxml\jackson\core\jackson-core\2.10.3\jackson-core-2.10.3.jar;C:\Users\katya\.m2\repository\org\bouncycastle\bcpkix-jdk15on\1.64\bcpkix-jdk15on-1.64.jar;C:\Users\katya\.m2\repository\org\bouncycastle\bcprov-jdk15on\1.64\bcprov-jdk15on-1.64.jar;C:\Users\katya\.m2\repository\org\slf4j\jcl-over-slf4j\1.7.30\jcl-over-slf4j-1.7.30.jar;C:\Users\katya\.m2\repository\com\github\docker-java\docker-java-transport-httpclient5\3.2.12\docker-java-transport-httpclient5-3.2.12.jar;C:\Users\katya\.m2\repository\com\github\docker-java\docker-java-transport\3.2.12\docker-java-transport-3.2.12.jar;C:\Users\katya\.m2\repository\org\apache\httpcomponents\client5\httpclient5\5.0.3\httpclient5-5.0.3.jar;C:\Users\katya\.m2\repository\org\apache\httpcomponents\core5\httpcore5\5.0.2\httpcore5-5.0.2.jar;C:\Users\katya\.m2\repository\commons-codec\commons-codec\1.13\commons-codec-1.13.jar;C:\Users\katya\.m2\repository\net\java\dev\jna\jna\5.8.0\jna-5.8.0.jar;C:\Users\katya\.m2\repository\com\google\guava\guava\30.1.1-jre\guava-30.1.1-jre.jar;C:\Users\katya\.m2\repository\com\google\guava\failureaccess\1.0.1\failureaccess-1.0.1.jar;C:\Users\katya\.m2\repository\com\google\guava\listenablefuture\9999.0-empty-to-avoid-conflict-with-guava\listenablefuture-9999.0-empty-to-avoid-conflict-with-guava.jar;C:\Users\katya\.m2\repository\com\google\code\findbugs\jsr305\3.0.2\jsr305-3.0.2.jar;C:\Users\katya\.m2\repository\org\checkerframework\checker-qual\3.8.0\checker-qual-3.8.0.jar;C:\Users\katya\.m2\repository\com\google\errorprone\error_prone_annotations\2.5.1\error_prone_annotations-2.5.1.jar;C:\Users\katya\.m2\repository\com\google\j2objc\j2objc-annotations\1.3\j2objc-annotations-1.3.jar;C:\Users\katya\.m2\repository\org\brotli\dec\0.1.2\dec-0.1.2.jar;C:\Users\katya\.m2\repository\org\testng\testng\7.4.0\testng-7.4.0.jar;C:\Users\katya\.m2\repository\com\beust\jcommander\1.78\jcommander-1.78.jar;C:\Users\katya\.m2\repository\org\webjars\jquery\3.5.1\jquery-3.5.1.jar;C:\Users\katya\.m2\repository\commons-io\commons-io\2.11.0\commons-io-2.11.0.jar;C:\Users\katya\.m2\repository\org\apache\logging\log4j\log4j-core\2.11.1\log4j-core-2.11.1.jar;C:\Users\katya\.m2\repository\org\apache\logging\log4j\log4j-api\2.11.1\log4j-api-2.11.1.jar;C:\Users\katya\.m2\repository\org\assertj\assertj-core\3.16.1\assertj-core-3.16.1.jar;"/>
    <property name="java.vm.vendor" value="Oracle Corporation"/>
    <property name="sun.arch.data.model" value="64"/>
    <property name="user.variant" value=""/>
    <property name="java.vendor.url" value="http://java.oracle.com/"/>
    <property name="user.timezone" value="Europe/Minsk"/>
    <property name="java.vm.specification.version" value="1.8"/>
    <property name="os.name" value="Windows 10"/>
    <property name="user.country" value="RU"/>
    <property name="sun.java.launcher" value="SUN_STANDARD"/>
    <property name="sun.boot.library.path" value="C:\Program Files\Java\jdk1.8.0_202\jre\bin"/>
    <property name="sun.java.command" value="C:\Users\katya\AppData\Local\Temp\surefire8318055185451021590\surefirebooter4364810482408786199.jar C:\Users\katya\AppData\Local\Temp\surefire8318055185451021590 2021-12-21T17-29-01_337-jvmRun1 surefire8415864503306482391tmp surefire_03725543156584678251tmp"/>
    <property name="surefire.test.class.path" value="D:\FrameworkTesting\target\test-classes;D:\FrameworkTesting\target\classes;C:\Users\katya\.m2\repository\org\seleniumhq\selenium\selenium-java\4.1.0\selenium-java-4.1.0.jar;C:\Users\katya\.m2\repository\org\seleniumhq\selenium\selenium-api\4.1.0\selenium-api-4.1.0.jar;C:\Users\katya\.m2\repository\org\seleniumhq\selenium\selenium-chrome-driver\4.1.0\selenium-chrome-driver-4.1.0.jar;C:\Users\katya\.m2\repository\com\google\auto\service\auto-service-annotations\1.0.1\auto-service-annotations-1.0.1.jar;C:\Users\katya\.m2\repository\com\google\auto\service\auto-service\1.0.1\auto-service-1.0.1.jar;C:\Users\katya\.m2\repository\com\google\auto\auto-common\1.2\auto-common-1.2.jar;C:\Users\katya\.m2\repository\org\seleniumhq\selenium\selenium-chromium-driver\4.1.0\selenium-chromium-driver-4.1.0.jar;C:\Users\katya\.m2\repository\org\seleniumhq\selenium\selenium-json\4.1.0\selenium-json-4.1.0.jar;C:\Users\katya\.m2\repository\org\seleniumhq\selenium\selenium-devtools-v85\4.1.0\selenium-devtools-v85-4.1.0.jar;C:\Users\katya\.m2\repository\org\seleniumhq\selenium\selenium-devtools-v94\4.1.0\selenium-devtools-v94-4.1.0.jar;C:\Users\katya\.m2\repository\org\seleniumhq\selenium\selenium-devtools-v95\4.1.0\selenium-devtools-v95-4.1.0.jar;C:\Users\katya\.m2\repository\org\seleniumhq\selenium\selenium-devtools-v96\4.1.0\selenium-devtools-v96-4.1.0.jar;C:\Users\katya\.m2\repository\org\seleniumhq\selenium\selenium-edge-driver\4.1.0\selenium-edge-driver-4.1.0.jar;C:\Users\katya\.m2\repository\org\seleniumhq\selenium\selenium-firefox-driver\4.1.0\selenium-firefox-driver-4.1.0.jar;C:\Users\katya\.m2\repository\org\seleniumhq\selenium\selenium-firefox-xpi-driver\4.1.0\selenium-firefox-xpi-driver-4.1.0.jar;C:\Users\katya\.m2\repository\org\seleniumhq\selenium\selenium-ie-driver\4.1.0\selenium-ie-driver-4.1.0.jar;C:\Users\katya\.m2\repository\org\seleniumhq\selenium\selenium-opera-driver\4.1.0\selenium-opera-driver-4.1.0.jar;C:\Users\katya\.m2\repository\org\seleniumhq\selenium\selenium-remote-driver\4.1.0\selenium-remote-driver-4.1.0.jar;C:\Users\katya\.m2\repository\io\netty\netty-buffer\4.1.69.Final\netty-buffer-4.1.69.Final.jar;C:\Users\katya\.m2\repository\io\netty\netty-codec-http\4.1.69.Final\netty-codec-http-4.1.69.Final.jar;C:\Users\katya\.m2\repository\io\netty\netty-codec\4.1.69.Final\netty-codec-4.1.69.Final.jar;C:\Users\katya\.m2\repository\io\netty\netty-handler\4.1.69.Final\netty-handler-4.1.69.Final.jar;C:\Users\katya\.m2\repository\io\netty\netty-common\4.1.69.Final\netty-common-4.1.69.Final.jar;C:\Users\katya\.m2\repository\io\netty\netty-transport-native-epoll\4.1.69.Final\netty-transport-native-epoll-4.1.69.Final.jar;C:\Users\katya\.m2\repository\io\netty\netty-transport-native-kqueue\4.1.69.Final\netty-transport-native-kqueue-4.1.69.Final.jar;C:\Users\katya\.m2\repository\io\netty\netty-transport-native-unix-common\4.1.69.Final\netty-transport-native-unix-common-4.1.69.Final.jar;C:\Users\katya\.m2\repository\io\netty\netty-transport\4.1.69.Final\netty-transport-4.1.69.Final.jar;C:\Users\katya\.m2\repository\io\netty\netty-resolver\4.1.69.Final\netty-resolver-4.1.69.Final.jar;C:\Users\katya\.m2\repository\io\opentelemetry\opentelemetry-api\1.9.0\opentelemetry-api-1.9.0.jar;C:\Users\katya\.m2\repository\io\opentelemetry\opentelemetry-context\1.9.0\opentelemetry-context-1.9.0.jar;C:\Users\katya\.m2\repository\io\opentelemetry\opentelemetry-exporter-logging\1.9.0\opentelemetry-exporter-logging-1.9.0.jar;C:\Users\katya\.m2\repository\io\opentelemetry\opentelemetry-sdk-metrics\1.9.0-alpha\opentelemetry-sdk-metrics-1.9.0-alpha.jar;C:\Users\katya\.m2\repository\io\opentelemetry\opentelemetry-sdk-logs\1.9.0-alpha\opentelemetry-sdk-logs-1.9.0-alpha.jar;C:\Users\katya\.m2\repository\io\opentelemetry\opentelemetry-sdk-common\1.9.0\opentelemetry-sdk-common-1.9.0.jar;C:\Users\katya\.m2\repository\io\opentelemetry\opentelemetry-sdk-extension-autoconfigure-spi\1.9.0\opentelemetry-sdk-extension-autoconfigure-spi-1.9.0.jar;C:\Users\katya\.m2\repository\io\opentelemetry\opentelemetry-sdk-extension-autoconfigure\1.9.0-alpha\opentelemetry-sdk-extension-autoconfigure-1.9.0-alpha.jar;C:\Users\katya\.m2\repository\io\opentelemetry\opentelemetry-sdk-trace\1.9.0\opentelemetry-sdk-trace-1.9.0.jar;C:\Users\katya\.m2\repository\io\opentelemetry\opentelemetry-api-metrics\1.9.0-alpha\opentelemetry-api-metrics-1.9.0-alpha.jar;C:\Users\katya\.m2\repository\io\opentelemetry\opentelemetry-sdk\1.9.0\opentelemetry-sdk-1.9.0.jar;C:\Users\katya\.m2\repository\io\opentelemetry\opentelemetry-semconv\1.9.0-alpha\opentelemetry-semconv-1.9.0-alpha.jar;C:\Users\katya\.m2\repository\io\ous\jtoml\2.0.0\jtoml-2.0.0.jar;C:\Users\katya\.m2\repository\net\bytebuddy\byte-buddy\1.12.1\byte-buddy-1.12.1.jar;C:\Users\katya\.m2\repository\org\apache\commons\commons-exec\1.3\commons-exec-1.3.jar;C:\Users\katya\.m2\repository\org\asynchttpclient\async-http-client\2.12.3\async-http-client-2.12.3.jar;C:\Users\katya\.m2\repository\org\asynchttpclient\async-http-client-netty-utils\2.12.3\async-http-client-netty-utils-2.12.3.jar;C:\Users\katya\.m2\repository\io\netty\netty-codec-socks\4.1.60.Final\netty-codec-socks-4.1.60.Final.jar;C:\Users\katya\.m2\repository\io\netty\netty-handler-proxy\4.1.60.Final\netty-handler-proxy-4.1.60.Final.jar;C:\Users\katya\.m2\repository\io\netty\netty-transport-native-epoll\4.1.60.Final\netty-transport-native-epoll-4.1.60.Final-linux-x86_64.jar;C:\Users\katya\.m2\repository\io\netty\netty-transport-native-kqueue\4.1.60.Final\netty-transport-native-kqueue-4.1.60.Final-osx-x86_64.jar;C:\Users\katya\.m2\repository\org\reactivestreams\reactive-streams\1.0.3\reactive-streams-1.0.3.jar;C:\Users\katya\.m2\repository\com\typesafe\netty\netty-reactive-streams\2.0.4\netty-reactive-streams-2.0.4.jar;C:\Users\katya\.m2\repository\com\sun\activation\jakarta.activation\1.2.2\jakarta.activation-1.2.2.jar;C:\Users\katya\.m2\repository\org\seleniumhq\selenium\selenium-http\4.1.0\selenium-http-4.1.0.jar;C:\Users\katya\.m2\repository\net\jodah\failsafe\2.4.4\failsafe-2.4.4.jar;C:\Users\katya\.m2\repository\org\seleniumhq\selenium\selenium-safari-driver\4.1.0\selenium-safari-driver-4.1.0.jar;C:\Users\katya\.m2\repository\org\seleniumhq\selenium\selenium-support\4.1.0\selenium-support-4.1.0.jar;C:\Users\katya\.m2\repository\io\github\bonigarcia\webdrivermanager\5.0.3\webdrivermanager-5.0.3.jar;C:\Users\katya\.m2\repository\org\slf4j\slf4j-api\1.7.32\slf4j-api-1.7.32.jar;C:\Users\katya\.m2\repository\com\google\code\gson\gson\2.8.8\gson-2.8.8.jar;C:\Users\katya\.m2\repository\org\jsoup\jsoup\1.14.2\jsoup-1.14.2.jar;C:\Users\katya\.m2\repository\com\github\docker-java\docker-java\3.2.12\docker-java-3.2.12.jar;C:\Users\katya\.m2\repository\com\github\docker-java\docker-java-core\3.2.12\docker-java-core-3.2.12.jar;C:\Users\katya\.m2\repository\com\github\docker-java\docker-java-api\3.2.12\docker-java-api-3.2.12.jar;C:\Users\katya\.m2\repository\com\fasterxml\jackson\core\jackson-annotations\2.10.3\jackson-annotations-2.10.3.jar;C:\Users\katya\.m2\repository\org\apache\commons\commons-compress\1.21\commons-compress-1.21.jar;C:\Users\katya\.m2\repository\commons-lang\commons-lang\2.6\commons-lang-2.6.jar;C:\Users\katya\.m2\repository\com\fasterxml\jackson\core\jackson-databind\2.10.3\jackson-databind-2.10.3.jar;C:\Users\katya\.m2\repository\com\fasterxml\jackson\core\jackson-core\2.10.3\jackson-core-2.10.3.jar;C:\Users\katya\.m2\repository\org\bouncycastle\bcpkix-jdk15on\1.64\bcpkix-jdk15on-1.64.jar;C:\Users\katya\.m2\repository\org\bouncycastle\bcprov-jdk15on\1.64\bcprov-jdk15on-1.64.jar;C:\Users\katya\.m2\repository\org\slf4j\jcl-over-slf4j\1.7.30\jcl-over-slf4j-1.7.30.jar;C:\Users\katya\.m2\repository\com\github\docker-java\docker-java-transport-httpclient5\3.2.12\docker-java-transport-httpclient5-3.2.12.jar;C:\Users\katya\.m2\repository\com\github\docker-java\docker-java-transport\3.2.12\docker-java-transport-3.2.12.jar;C:\Users\katya\.m2\repository\org\apache\httpcomponents\client5\httpclient5\5.0.3\httpclient5-5.0.3.jar;C:\Users\katya\.m2\repository\org\apache\httpcomponents\core5\httpcore5\5.0.2\httpcore5-5.0.2.jar;C:\Users\katya\.m2\repository\commons-codec\commons-codec\1.13\commons-codec-1.13.jar;C:\Users\katya\.m2\repository\net\java\dev\jna\jna\5.8.0\jna-5.8.0.jar;C:\Users\katya\.m2\repository\com\google\guava\guava\30.1.1-jre\guava-30.1.1-jre.jar;C:\Users\katya\.m2\repository\com\google\guava\failureaccess\1.0.1\failureaccess-1.0.1.jar;C:\Users\katya\.m2\repository\com\google\guava\listenablefuture\9999.0-empty-to-avoid-conflict-with-guava\listenablefuture-9999.0-empty-to-avoid-conflict-with-guava.jar;C:\Users\katya\.m2\repository\com\google\code\findbugs\jsr305\3.0.2\jsr305-3.0.2.jar;C:\Users\katya\.m2\repository\org\checkerframework\checker-qual\3.8.0\checker-qual-3.8.0.jar;C:\Users\katya\.m2\repository\com\google\errorprone\error_prone_annotations\2.5.1\error_prone_annotations-2.5.1.jar;C:\Users\katya\.m2\repository\com\google\j2objc\j2objc-annotations\1.3\j2objc-annotations-1.3.jar;C:\Users\katya\.m2\repository\org\brotli\dec\0.1.2\dec-0.1.2.jar;C:\Users\katya\.m2\repository\org\testng\testng\7.4.0\testng-7.4.0.jar;C:\Users\katya\.m2\repository\com\beust\jcommander\1.78\jcommander-1.78.jar;C:\Users\katya\.m2\repository\org\webjars\jquery\3.5.1\jquery-3.5.1.jar;C:\Users\katya\.m2\repository\commons-io\commons-io\2.11.0\commons-io-2.11.0.jar;C:\Users\katya\.m2\repository\org\apache\logging\log4j\log4j-core\2.11.1\log4j-core-2.11.1.jar;C:\Users\katya\.m2\repository\org\apache\logging\log4j\log4j-api\2.11.1\log4j-api-2.11.1.jar;C:\Users\katya\.m2\repository\org\assertj\assertj-core\3.16.1\assertj-core-3.16.1.jar;"/>
    <property name="sun.cpu.endian" value="little"/>
    <property name="user.home" value="C:\Users\katya"/>
    <property name="user.language" value="ru"/>
    <property name="java.specification.vendor" value="Oracle Corporation"/>
    <property name="java.home" value="C:\Program Files\Java\jdk1.8.0_202\jre"/>
    <property name="basedir" value="D:\FrameworkTesting"/>
    <property name="file.separator" value="\"/>
    <property name="line.separator" value="&#10;"/>
    <property name="java.vm.specification.vendor" value="Oracle Corporation"/>
    <property name="java.specification.name" value="Java Platform API Specification"/>
    <property name="java.awt.graphicsenv" value="sun.awt.Win32GraphicsEnvironment"/>
    <property name="surefire.real.class.path" value="C:\Users\katya\AppData\Local\Temp\surefire8318055185451021590\surefirebooter4364810482408786199.jar"/>
    <property name="sun.boot.class.path" value="C:\Program Files\Java\jdk1.8.0_202\jre\lib\resources.jar;C:\Program Files\Java\jdk1.8.0_202\jre\lib\rt.jar;C:\Program Files\Java\jdk1.8.0_202\jre\lib\sunrsasign.jar;C:\Program Files\Java\jdk1.8.0_202\jre\lib\jsse.jar;C:\Program Files\Java\jdk1.8.0_202\jre\lib\jce.jar;C:\Program Files\Java\jdk1.8.0_202\jre\lib\charsets.jar;C:\Program Files\Java\jdk1.8.0_202\jre\lib\jfr.jar;C:\Program Files\Java\jdk1.8.0_202\jre\classes"/>
    <property name="user.script" value=""/>
    <property name="sun.management.compiler" value="HotSpot 64-Bit Tiered Compilers"/>
    <property name="java.runtime.version" value="1.8.0_202-b08"/>
    <property name="user.name" value="katya"/>
    <property name="path.separator" value=";"/>
    <property name="os.version" value="10.0"/>
    <property name="java.endorsed.dirs" value="C:\Program Files\Java\jdk1.8.0_202\jre\lib\endorsed"/>
    <property name="java.runtime.name" value="Java(TM) SE Runtime Environment"/>
    <property name="file.encoding" value="Cp1251"/>
    <property name="browser" value="chrome"/>
    <property name="sun.nio.ch.bugLevel" value=""/>
    <property name="java.vm.name" value="Java HotSpot(TM) 64-Bit Server VM"/>
    <property name="localRepository" value="C:\Users\katya\.m2\repository"/>
    <property name="java.vendor.url.bug" value="http://bugreport.sun.com/bugreport/"/>
    <property name="java.io.tmpdir" value="C:\Users\katya\AppData\Local\Temp\"/>
    <property name="java.version" value="1.8.0_202"/>
    <property name="user.dir" value="D:\FrameworkTesting"/>
    <property name="os.arch" value="amd64"/>
    <property name="java.vm.specification.name" value="Java Virtual Machine Specification"/>
    <property name="java.awt.printerjob" value="sun.awt.windows.WPrinterJob"/>
    <property name="sun.os.patch.level" value=""/>
    <property name="environment" value="user-env"/>
    <property name="java.library.path" value="C:\Program Files\Java\jdk1.8.0_202\jre\bin;C:\Windows\Sun\Java\bin;C:\Windows\system32;C:\Windows;C:\ProgramData\Oracle\Java\javapath;C:\Program Files (x86)\Common Files\Oracle\Java\javapath;C:\Windows\system32;C:\Windows;C:\Windows\System32\Wbem;C:\Windows\System32\WindowsPowerShell\v1.0\;C:\Windows\System32\OpenSSH\;C:\Program Files\Microsoft SQL Server\Client SDK\ODBC\170\Tools\Binn\;C:\Program Files (x86)\Microsoft SQL Server\150\Tools\Binn\;C:\Program Files\Microsoft SQL Server\150\Tools\Binn\;C:\Program Files\Microsoft SQL Server\150\DTS\Binn\;C:\Program Files\Microsoft SQL Server\130\Tools\Binn\;C:\Program Files (x86)\Microsoft SQL Server\150\DTS\Binn\;C:\Program Files\Azure Data Studio\bin;C:\Program Files\dotnet\;C:\Program Files\Common Files\Autodesk Shared\;C:\Program Files\Microsoft SQL Server\120\Tools\Binn\;C:\Program Files (x86)\Autodesk\Backburner\;E:\putty\;D:\git\Git\cmd;C:\Users\katya\AppData\Roaming\nvm;C:\Program Files\nodejs;D:\WebStorm\;C:\Program Files\maven\apache-maven-3.8.2\bin;C:\Program Files\Java\jdk1.8.0_202\bin;;C:\Program Files\Docker\Docker\resources\bin;C:\ProgramData\DockerDesktop\version-bin;D:\pycharm\Scripts\;D:\pycharm\;C:\Users\katya\AppData\Local\Microsoft\WindowsApps;C:\Program Files\Azure Data Studio\bin;C:\Users\katya\.dotnet\tools;D:\WebStorm\WebStorm 2021.1.2\bin;;C:\Users\katya\AppData\Roaming\nvm;C:\Program Files\nodejs;C:\Users\katya\AppData\Roaming\npm;C:\Users\katya\AppData\Local\Temp\95.0.4638.17\chromedriver;C:\Program Files\maven\apache-maven-3.8.2\bin;;."/>
    <property name="java.vm.info" value="mixed mode"/>
    <property name="java.vendor" value="Oracle Corporation"/>
    <property name="java.vm.version" value="25.202-b08"/>
    <property name="java.ext.dirs" value="C:\Program Files\Java\jdk1.8.0_202\jre\lib\ext;C:\Windows\Sun\Java\lib\ext"/>
    <property name="sun.io.unicode.encoding" value="UnicodeLittle"/>
    <property name="java.class.version" value="52.0"/>
  </properties>
  <testcase name="sellTokens" classname="com.epam.ta.test.CurrencyTestsWithNegativeBalance" time="1.638">
    <system-out><![CDATA[2021-12-21 17:29:03,760 DEBUG logging.InternalLoggerFactory [main] io.netty.util.internal.logging.InternalLoggerFactory.useLog4J2LoggerFactory(InternalLoggerFactory.java:76) Using Log4J2 as the default logging framework
2021-12-21 17:29:03,800 DEBUG util.ResourceLeakDetector [main] io.netty.util.ResourceLeakDetector.<clinit>(ResourceLeakDetector.java:129) -Dio.netty.leakDetection.level: simple
2021-12-21 17:29:03,801 DEBUG util.ResourceLeakDetector [main] io.netty.util.ResourceLeakDetector.<clinit>(ResourceLeakDetector.java:130) -Dio.netty.leakDetection.targetRecords: 4
2021-12-21 17:29:03,804 DEBUG util.ResourceLeakDetectorFactory [main] io.netty.util.ResourceLeakDetectorFactory$DefaultResourceLeakDetectorFactory.newResourceLeakDetector(ResourceLeakDetectorFactory.java:196) Loaded default ResourceLeakDetector: io.netty.util.ResourceLeakDetector@5d9b7a8a
2021-12-21 17:29:03,819 DEBUG internal.PlatformDependent0 [main] io.netty.util.internal.PlatformDependent0.explicitNoUnsafeCause0(PlatformDependent0.java:460) -Dio.netty.noUnsafe: false
2021-12-21 17:29:03,819 DEBUG internal.PlatformDependent0 [main] io.netty.util.internal.PlatformDependent0.javaVersion0(PlatformDependent0.java:954) Java version: 8
2021-12-21 17:29:03,820 DEBUG internal.PlatformDependent0 [main] io.netty.util.internal.PlatformDependent0.<clinit>(PlatformDependent0.java:135) sun.misc.Unsafe.theUnsafe: available
2021-12-21 17:29:03,820 DEBUG internal.PlatformDependent0 [main] io.netty.util.internal.PlatformDependent0.<clinit>(PlatformDependent0.java:159) sun.misc.Unsafe.copyMemory: available
2021-12-21 17:29:03,821 DEBUG internal.PlatformDependent0 [main] io.netty.util.internal.PlatformDependent0.<clinit>(PlatformDependent0.java:202) java.nio.Buffer.address: available
2021-12-21 17:29:03,822 DEBUG internal.PlatformDependent0 [main] io.netty.util.internal.PlatformDependent0.<clinit>(PlatformDependent0.java:272) direct buffer constructor: available
2021-12-21 17:29:03,822 DEBUG internal.PlatformDependent0 [main] io.netty.util.internal.PlatformDependent0.<clinit>(PlatformDependent0.java:350) java.nio.Bits.unaligned: available, true
2021-12-21 17:29:03,823 DEBUG internal.PlatformDependent0 [main] io.netty.util.internal.PlatformDependent0.<clinit>(PlatformDependent0.java:424) jdk.internal.misc.Unsafe.allocateUninitializedArray(int): unavailable prior to Java9
2021-12-21 17:29:03,823 DEBUG internal.PlatformDependent0 [main] io.netty.util.internal.PlatformDependent0.<clinit>(PlatformDependent0.java:446) java.nio.DirectByteBuffer.<init>(long, int): available
2021-12-21 17:29:03,824 DEBUG internal.PlatformDependent [main] io.netty.util.internal.PlatformDependent.unsafeUnavailabilityCause0(PlatformDependent.java:1103) sun.misc.Unsafe: available
2021-12-21 17:29:03,824 DEBUG internal.PlatformDependent [main] io.netty.util.internal.PlatformDependent.tmpdir0(PlatformDependent.java:1224) -Dio.netty.tmpdir: C:\Users\katya\AppData\Local\Temp (java.io.tmpdir)
2021-12-21 17:29:03,824 DEBUG internal.PlatformDependent [main] io.netty.util.internal.PlatformDependent.bitMode0(PlatformDependent.java:1303) -Dio.netty.bitMode: 64 (sun.arch.data.model)
2021-12-21 17:29:03,825 DEBUG internal.PlatformDependent [main] io.netty.util.internal.PlatformDependent.isWindows0(PlatformDependent.java:1063) Platform: Windows
2021-12-21 17:29:03,827 DEBUG internal.PlatformDependent [main] io.netty.util.internal.PlatformDependent.<clinit>(PlatformDependent.java:178) -Dio.netty.maxDirectMemory: 2820669440 bytes
2021-12-21 17:29:03,827 DEBUG internal.PlatformDependent [main] io.netty.util.internal.PlatformDependent.<clinit>(PlatformDependent.java:185) -Dio.netty.uninitializedArrayAllocationThreshold: -1
2021-12-21 17:29:03,828 DEBUG internal.CleanerJava6 [main] io.netty.util.internal.CleanerJava6.<clinit>(CleanerJava6.java:92) java.nio.ByteBuffer.cleaner(): available
2021-12-21 17:29:03,829 DEBUG internal.PlatformDependent [main] io.netty.util.internal.PlatformDependent.<clinit>(PlatformDependent.java:205) -Dio.netty.noPreferDirect: false
2021-12-21 17:29:03,834 DEBUG internal.PlatformDependent [main] io.netty.util.internal.PlatformDependent$Mpsc.<clinit>(PlatformDependent.java:967) org.jctools-core.MpscChunkedArrayQueue: available
2021-12-21 17:29:03,849 DEBUG internal.InternalThreadLocalMap [main] io.netty.util.internal.InternalThreadLocalMap.<clinit>(InternalThreadLocalMap.java:83) -Dio.netty.threadLocalMap.stringBuilder.initialSize: 1024
2021-12-21 17:29:03,849 DEBUG internal.InternalThreadLocalMap [main] io.netty.util.internal.InternalThreadLocalMap.<clinit>(InternalThreadLocalMap.java:86) -Dio.netty.threadLocalMap.stringBuilder.maxSize: 4096
2021-12-21 17:29:03,878 DEBUG ssl.JdkSslContext [main] io.netty.handler.ssl.JdkSslContext.<clinit>(JdkSslContext.java:97) Default protocols (JDK): [TLSv1.2, TLSv1.1, TLSv1] 
2021-12-21 17:29:03,878 DEBUG ssl.JdkSslContext [main] io.netty.handler.ssl.JdkSslContext.<clinit>(JdkSslContext.java:98) Default cipher suites (JDK): [TLS_ECDHE_ECDSA_WITH_AES_256_GCM_SHA384, TLS_ECDHE_ECDSA_WITH_AES_128_GCM_SHA256, TLS_ECDHE_RSA_WITH_AES_128_GCM_SHA256, TLS_ECDHE_RSA_WITH_AES_256_GCM_SHA384, TLS_ECDHE_RSA_WITH_AES_128_CBC_SHA, TLS_ECDHE_RSA_WITH_AES_256_CBC_SHA, TLS_RSA_WITH_AES_128_GCM_SHA256, TLS_RSA_WITH_AES_128_CBC_SHA, TLS_RSA_WITH_AES_256_CBC_SHA]
2021-12-21 17:29:03,897 DEBUG channel.MultithreadEventLoopGroup [main] io.netty.channel.MultithreadEventLoopGroup.<clinit>(MultithreadEventLoopGroup.java:44) -Dio.netty.eventLoopThreads: 16
2021-12-21 17:29:03,904 DEBUG nio.NioEventLoop [main] io.netty.channel.nio.NioEventLoop.<clinit>(NioEventLoop.java:106) -Dio.netty.noKeySetOptimization: false
2021-12-21 17:29:03,905 DEBUG nio.NioEventLoop [main] io.netty.channel.nio.NioEventLoop.<clinit>(NioEventLoop.java:107) -Dio.netty.selectorAutoRebuildThreshold: 512
2021-12-21 17:29:03,913 TRACE nio.NioEventLoop [main] io.netty.channel.nio.NioEventLoop.openSelector(NioEventLoop.java:260) instrumented a special java.util.Set into: sun.nio.ch.WindowsSelectorImpl@2b5825fa
2021-12-21 17:29:03,914 TRACE nio.NioEventLoop [main] io.netty.channel.nio.NioEventLoop.openSelector(NioEventLoop.java:260) instrumented a special java.util.Set into: sun.nio.ch.WindowsSelectorImpl@163d04ff
2021-12-21 17:29:03,915 TRACE nio.NioEventLoop [main] io.netty.channel.nio.NioEventLoop.openSelector(NioEventLoop.java:260) instrumented a special java.util.Set into: sun.nio.ch.WindowsSelectorImpl@7c209437
2021-12-21 17:29:03,916 TRACE nio.NioEventLoop [main] io.netty.channel.nio.NioEventLoop.openSelector(NioEventLoop.java:260) instrumented a special java.util.Set into: sun.nio.ch.WindowsSelectorImpl@2262b621
2021-12-21 17:29:03,917 TRACE nio.NioEventLoop [main] io.netty.channel.nio.NioEventLoop.openSelector(NioEventLoop.java:260) instrumented a special java.util.Set into: sun.nio.ch.WindowsSelectorImpl@7e928e2f
2021-12-21 17:29:03,918 TRACE nio.NioEventLoop [main] io.netty.channel.nio.NioEventLoop.openSelector(NioEventLoop.java:260) instrumented a special java.util.Set into: sun.nio.ch.WindowsSelectorImpl@f667fe
2021-12-21 17:29:03,919 TRACE nio.NioEventLoop [main] io.netty.channel.nio.NioEventLoop.openSelector(NioEventLoop.java:260) instrumented a special java.util.Set into: sun.nio.ch.WindowsSelectorImpl@788fcafb
2021-12-21 17:29:03,919 TRACE nio.NioEventLoop [main] io.netty.channel.nio.NioEventLoop.openSelector(NioEventLoop.java:260) instrumented a special java.util.Set into: sun.nio.ch.WindowsSelectorImpl@4febb875
2021-12-21 17:29:03,920 TRACE nio.NioEventLoop [main] io.netty.channel.nio.NioEventLoop.openSelector(NioEventLoop.java:260) instrumented a special java.util.Set into: sun.nio.ch.WindowsSelectorImpl@25e2a451
2021-12-21 17:29:03,921 TRACE nio.NioEventLoop [main] io.netty.channel.nio.NioEventLoop.openSelector(NioEventLoop.java:260) instrumented a special java.util.Set into: sun.nio.ch.WindowsSelectorImpl@1698ee84
2021-12-21 17:29:03,922 TRACE nio.NioEventLoop [main] io.netty.channel.nio.NioEventLoop.openSelector(NioEventLoop.java:260) instrumented a special java.util.Set into: sun.nio.ch.WindowsSelectorImpl@10c626be
2021-12-21 17:29:03,922 TRACE nio.NioEventLoop [main] io.netty.channel.nio.NioEventLoop.openSelector(NioEventLoop.java:260) instrumented a special java.util.Set into: sun.nio.ch.WindowsSelectorImpl@2fc0cc3
2021-12-21 17:29:03,923 TRACE nio.NioEventLoop [main] io.netty.channel.nio.NioEventLoop.openSelector(NioEventLoop.java:260) instrumented a special java.util.Set into: sun.nio.ch.WindowsSelectorImpl@328cf0e1
2021-12-21 17:29:03,924 TRACE nio.NioEventLoop [main] io.netty.channel.nio.NioEventLoop.openSelector(NioEventLoop.java:260) instrumented a special java.util.Set into: sun.nio.ch.WindowsSelectorImpl@63b1d4fa
2021-12-21 17:29:03,925 TRACE nio.NioEventLoop [main] io.netty.channel.nio.NioEventLoop.openSelector(NioEventLoop.java:260) instrumented a special java.util.Set into: sun.nio.ch.WindowsSelectorImpl@42e3ede4
2021-12-21 17:29:03,926 TRACE nio.NioEventLoop [main] io.netty.channel.nio.NioEventLoop.openSelector(NioEventLoop.java:260) instrumented a special java.util.Set into: sun.nio.ch.WindowsSelectorImpl@201b6b6f
2021-12-21 17:29:03,942 DEBUG buffer.PooledByteBufAllocator [main] io.netty.buffer.PooledByteBufAllocator.<clinit>(PooledByteBufAllocator.java:155) -Dio.netty.allocator.numHeapArenas: 16
2021-12-21 17:29:03,942 DEBUG buffer.PooledByteBufAllocator [main] io.netty.buffer.PooledByteBufAllocator.<clinit>(PooledByteBufAllocator.java:156) -Dio.netty.allocator.numDirectArenas: 16
2021-12-21 17:29:03,942 DEBUG buffer.PooledByteBufAllocator [main] io.netty.buffer.PooledByteBufAllocator.<clinit>(PooledByteBufAllocator.java:158) -Dio.netty.allocator.pageSize: 8192
2021-12-21 17:29:03,943 DEBUG buffer.PooledByteBufAllocator [main] io.netty.buffer.PooledByteBufAllocator.<clinit>(PooledByteBufAllocator.java:163) -Dio.netty.allocator.maxOrder: 11
2021-12-21 17:29:03,944 DEBUG buffer.PooledByteBufAllocator [main] io.netty.buffer.PooledByteBufAllocator.<clinit>(PooledByteBufAllocator.java:167) -Dio.netty.allocator.chunkSize: 16777216
2021-12-21 17:29:03,945 DEBUG buffer.PooledByteBufAllocator [main] io.netty.buffer.PooledByteBufAllocator.<clinit>(PooledByteBufAllocator.java:168) -Dio.netty.allocator.smallCacheSize: 256
2021-12-21 17:29:03,945 DEBUG buffer.PooledByteBufAllocator [main] io.netty.buffer.PooledByteBufAllocator.<clinit>(PooledByteBufAllocator.java:169) -Dio.netty.allocator.normalCacheSize: 64
2021-12-21 17:29:03,945 DEBUG buffer.PooledByteBufAllocator [main] io.netty.buffer.PooledByteBufAllocator.<clinit>(PooledByteBufAllocator.java:170) -Dio.netty.allocator.maxCachedBufferCapacity: 32768
2021-12-21 17:29:03,945 DEBUG buffer.PooledByteBufAllocator [main] io.netty.buffer.PooledByteBufAllocator.<clinit>(PooledByteBufAllocator.java:171) -Dio.netty.allocator.cacheTrimInterval: 8192
2021-12-21 17:29:03,945 DEBUG buffer.PooledByteBufAllocator [main] io.netty.buffer.PooledByteBufAllocator.<clinit>(PooledByteBufAllocator.java:172) -Dio.netty.allocator.cacheTrimIntervalMillis: 0
2021-12-21 17:29:03,945 DEBUG buffer.PooledByteBufAllocator [main] io.netty.buffer.PooledByteBufAllocator.<clinit>(PooledByteBufAllocator.java:173) -Dio.netty.allocator.useCacheForAllThreads: true
2021-12-21 17:29:03,945 DEBUG buffer.PooledByteBufAllocator [main] io.netty.buffer.PooledByteBufAllocator.<clinit>(PooledByteBufAllocator.java:174) -Dio.netty.allocator.maxCachedByteBuffersPerChunk: 1023
2021-12-21 17:29:03,955 DEBUG buffer.ByteBufUtil [main] io.netty.buffer.ByteBufUtil.<clinit>(ByteBufUtil.java:87) -Dio.netty.allocator.type: pooled
2021-12-21 17:29:03,955 DEBUG buffer.ByteBufUtil [main] io.netty.buffer.ByteBufUtil.<clinit>(ByteBufUtil.java:96) -Dio.netty.threadLocalDirectBufferSize: 0
2021-12-21 17:29:03,955 DEBUG buffer.ByteBufUtil [main] io.netty.buffer.ByteBufUtil.<clinit>(ByteBufUtil.java:99) -Dio.netty.maxThreadLocalCharBufferSize: 16384
2021-12-21 17:29:04,722 DEBUG channel.DefaultChannelId [Forwarding newSession on session null to remote] io.netty.channel.DefaultChannelId.<clinit>(DefaultChannelId.java:79) -Dio.netty.processId: 3872 (auto-detected)
2021-12-21 17:29:04,724 DEBUG util.NetUtil [Forwarding newSession on session null to remote] io.netty.util.NetUtil.<clinit>(NetUtil.java:135) -Djava.net.preferIPv4Stack: false
2021-12-21 17:29:04,725 DEBUG util.NetUtil [Forwarding newSession on session null to remote] io.netty.util.NetUtil.<clinit>(NetUtil.java:136) -Djava.net.preferIPv6Addresses: false
2021-12-21 17:29:04,857 DEBUG util.NetUtilInitializations [Forwarding newSession on session null to remote] io.netty.util.NetUtilInitializations.determineLoopback(NetUtilInitializations.java:129) Loopback interface: lo (Software Loopback Interface 1, 127.0.0.1)
2021-12-21 17:29:04,858 DEBUG util.NetUtil [Forwarding newSession on session null to remote] io.netty.util.NetUtil$1.run(NetUtil.java:187) Failed to get SOMAXCONN from sysctl and file \proc\sys\net\core\somaxconn. Default: 200
2021-12-21 17:29:04,998 DEBUG channel.DefaultChannelId [Forwarding newSession on session null to remote] io.netty.channel.DefaultChannelId.<clinit>(DefaultChannelId.java:101) -Dio.netty.machineId: 3c:91:80:ff:fe:6e:c0:5d (auto-detected)
2021-12-21 17:29:05,035 DEBUG buffer.AbstractByteBuf [AsyncHttpClient-1-2] io.netty.buffer.AbstractByteBuf.<clinit>(AbstractByteBuf.java:63) -Dio.netty.buffer.checkAccessible: true
2021-12-21 17:29:05,035 DEBUG buffer.AbstractByteBuf [AsyncHttpClient-1-2] io.netty.buffer.AbstractByteBuf.<clinit>(AbstractByteBuf.java:64) -Dio.netty.buffer.checkBounds: true
2021-12-21 17:29:05,036 DEBUG util.ResourceLeakDetectorFactory [AsyncHttpClient-1-2] io.netty.util.ResourceLeakDetectorFactory$DefaultResourceLeakDetectorFactory.newResourceLeakDetector(ResourceLeakDetectorFactory.java:196) Loaded default ResourceLeakDetector: io.netty.util.ResourceLeakDetector@7ffff1cc
2021-12-21 17:29:05,058 DEBUG util.Recycler [AsyncHttpClient-1-2] io.netty.util.Recycler.<clinit>(Recycler.java:103) -Dio.netty.recycler.maxCapacityPerThread: 4096
2021-12-21 17:29:05,058 DEBUG util.Recycler [AsyncHttpClient-1-2] io.netty.util.Recycler.<clinit>(Recycler.java:104) -Dio.netty.recycler.maxSharedCapacityFactor: 2
2021-12-21 17:29:05,058 DEBUG util.Recycler [AsyncHttpClient-1-2] io.netty.util.Recycler.<clinit>(Recycler.java:105) -Dio.netty.recycler.linkCapacity: 16
2021-12-21 17:29:05,058 DEBUG util.Recycler [AsyncHttpClient-1-2] io.netty.util.Recycler.<clinit>(Recycler.java:106) -Dio.netty.recycler.ratio: 8
2021-12-21 17:29:05,059 DEBUG util.Recycler [AsyncHttpClient-1-2] io.netty.util.Recycler.<clinit>(Recycler.java:107) -Dio.netty.recycler.delayedQueue.ratio: 8
2021-12-21 17:29:05,658 DEBUG compression.Brotli [AsyncHttpClient-1-2] io.netty.handler.codec.compression.Brotli.<clinit>(Brotli.java:38) brotli4j not in the classpath; Brotli support will be unavailable.
2021-12-21 17:29:05,794 DEBUG internal.ThreadLocalRandom [main] io.netty.util.internal.ThreadLocalRandom.newSeed(ThreadLocalRandom.java:214) -Dio.netty.initialSeedUniquifier: 0xf0b211b0ca2fe63e
2021-12-21 17:29:22,151 INFO  [main] com.epam.ta.page.currency.CurrencyTradingPlatformPage.clickSellToken(CurrencyTradingPlatformPage.java:70) Click button Buy
2021-12-21 17:29:23,239 INFO  [main] utils.TestListener.onTestSuccess(TestListener.java:24) Test sellTokens succeed
]]></system-out>
    <system-err><![CDATA[SLF4J: Failed to load class "org.slf4j.impl.StaticLoggerBinder".
SLF4J: Defaulting to no-operation (NOP) logger implementation
SLF4J: See http://www.slf4j.org/codes.html#StaticLoggerBinder for further details.
Starting ChromeDriver 96.0.4664.45 (76e4c1bb2ab4671b8beba3444e61c0f17584b2fc-refs/branch-heads/4664@{#947}) on port 59495
Only local connections are allowed.
Please see https://chromedriver.chromium.org/security-considerations for suggestions on keeping ChromeDriver safe.
ChromeDriver was started successfully.
дек 21, 2021 5:29:05 PM org.openqa.selenium.remote.ProtocolHandshake createSession
INFO: Detected dialect: W3C
дек 21, 2021 5:29:05 PM org.openqa.selenium.devtools.CdpVersionFinder findNearestMatch
INFO: Found exact CDP implementation for version 96
]]></system-err>
  </testcase>
</testsuite>