<?xml version="1.0" encoding="UTF-8"?>
<!-- Generated by org.testng.reporters.JUnitReportReporter -->
<testsuite skipped="0" hostname="katya" name="com.epam.ta.test.CurrencyTestsWithNegativeBalance" tests="1" failures="0" timestamp="2021-12-21T17:29:24 MSK" time="20.630" errors="0">
  <testcase name="sellTokens" time="20.630" classname="com.epam.ta.test.CurrencyTestsWithNegativeBalance"/>
  <system-out/>
</testsuite> <!-- com.epam.ta.test.CurrencyTestsWithNegativeBalance -->
